<?xml version="1.0" encoding="UTF-8"?>
<testng-results ignored="0" total="1" passed="1" failed="0" skipped="0">
  <reporter-output>
  </reporter-output>
  <suite started-at="2022-02-24T17:03:49 IST" name="Default suite" finished-at="2022-02-24T17:03:56 IST" duration-ms="7247">
    <groups>
    </groups>
    <test started-at="2022-02-24T17:03:49 IST" name="Default test" finished-at="2022-02-24T17:03:56 IST" duration-ms="7247">
      <class name="Action_class.draganddrop">
        <test-method is-config="true" signature="startbrowser()[pri:0, instance:Action_class.draganddrop@6b81ce95]" started-at="2022-02-24T17:03:49 IST" name="startbrowser" finished-at="2022-02-24T17:03:51 IST" duration-ms="1959" status="PASS">
          <reporter-output>
          </reporter-output>
        </test-method> <!-- startbrowser -->
        <test-method signature="text()[pri:0, instance:Action_class.draganddrop@6b81ce95]" started-at="2022-02-24T17:03:51 IST" name="text" finished-at="2022-02-24T17:03:56 IST" duration-ms="5125" status="PASS">
          <reporter-output>
          </reporter-output>
        </test-method> <!-- text -->
        <test-method is-config="true" signature="quitbrowser()[pri:0, instance:Action_class.draganddrop@6b81ce95]" started-at="2022-02-24T17:03:56 IST" name="quitbrowser" finished-at="2022-02-24T17:03:56 IST" duration-ms="125" status="PASS">
          <reporter-output>
          </reporter-output>
        </test-method> <!-- quitbrowser -->
      </class> <!-- Action_class.draganddrop -->
    </test> <!-- Default test -->
  </suite> <!-- Default suite -->
</testng-results>
